Performing C SOURCE FILE Test CMAKE_HAVE_LIBC_PTHREAD failed with the following output:
Change Dir: /home/qcraft/qz_ws/c++/pcl/source/build/CMakeFiles/CMakeTmp

Run Build Command(s):/usr/bin/make -f Makefile cmTC_95f11/fast && /usr/bin/make  -f CMakeFiles/cmTC_95f11.dir/build.make CMakeFiles/cmTC_95f11.dir/build
make[1]: Entering directory '/home/qcraft/qz_ws/c++/pcl/source/build/CMakeFiles/CMakeTmp'
Building C object CMakeFiles/cmTC_95f11.dir/src.c.o
/usr/bin/cc -DCMAKE_HAVE_LIBC_PTHREAD   -o CMakeFiles/cmTC_95f11.dir/src.c.o -c /home/qcraft/qz_ws/c++/pcl/source/build/CMakeFiles/CMakeTmp/src.c
Linking C executable cmTC_95f11
/usr/local/cmake/bin/cmake -E cmake_link_script CMakeFiles/cmTC_95f11.dir/link.txt --verbose=1
/usr/bin/cc -rdynamic CMakeFiles/cmTC_95f11.dir/src.c.o -o cmTC_95f11 
CMakeFiles/cmTC_95f11.dir/src.c.o: In function `main':
src.c:(.text+0x3e): undefined reference to `pthread_create'
src.c:(.text+0x4a): undefined reference to `pthread_detach'
src.c:(.text+0x56): undefined reference to `pthread_cancel'
src.c:(.text+0x67): undefined reference to `pthread_join'
src.c:(.text+0x7b): undefined reference to `pthread_atfork'
collect2: error: ld returned 1 exit status
CMakeFiles/cmTC_95f11.dir/build.make:98: recipe for target 'cmTC_95f11' failed
make[1]: *** [cmTC_95f11] Error 1
make[1]: Leaving directory '/home/qcraft/qz_ws/c++/pcl/source/build/CMakeFiles/CMakeTmp'
Makefile:127: recipe for target 'cmTC_95f11/fast' failed
make: *** [cmTC_95f11/fast] Error 2


Source file was:
#include <pthread.h>

static void* test_func(void* data)
{
  return data;
}

int main(void)
{
  pthread_t thread;
  pthread_create(&thread, NULL, test_func, NULL);
  pthread_detach(thread);
  pthread_cancel(thread);
  pthread_join(thread, NULL);
  pthread_atfork(NULL, NULL, NULL);
  pthread_exit(NULL);

  return 0;
}

Determining if the function pthread_create exists in the pthreads failed with the following output:
Change Dir: /home/qcraft/qz_ws/c++/pcl/source/build/CMakeFiles/CMakeTmp

Run Build Command(s):/usr/bin/make -f Makefile cmTC_26a0a/fast && /usr/bin/make  -f CMakeFiles/cmTC_26a0a.dir/build.make CMakeFiles/cmTC_26a0a.dir/build
make[1]: Entering directory '/home/qcraft/qz_ws/c++/pcl/source/build/CMakeFiles/CMakeTmp'
Building C object CMakeFiles/cmTC_26a0a.dir/CheckFunctionExists.c.o
/usr/bin/cc   -DCHECK_FUNCTION_EXISTS=pthread_create -o CMakeFiles/cmTC_26a0a.dir/CheckFunctionExists.c.o -c /usr/local/cmake/share/cmake-3.23/Modules/CheckFunctionExists.c
Linking C executable cmTC_26a0a
/usr/local/cmake/bin/cmake -E cmake_link_script CMakeFiles/cmTC_26a0a.dir/link.txt --verbose=1
/usr/bin/cc  -DCHECK_FUNCTION_EXISTS=pthread_create -rdynamic CMakeFiles/cmTC_26a0a.dir/CheckFunctionExists.c.o -o cmTC_26a0a  -lpthreads 
/usr/bin/ld: cannot find -lpthreads
collect2: error: ld returned 1 exit status
CMakeFiles/cmTC_26a0a.dir/build.make:98: recipe for target 'cmTC_26a0a' failed
make[1]: *** [cmTC_26a0a] Error 1
make[1]: Leaving directory '/home/qcraft/qz_ws/c++/pcl/source/build/CMakeFiles/CMakeTmp'
Makefile:127: recipe for target 'cmTC_26a0a/fast' failed
make: *** [cmTC_26a0a/fast] Error 2



